<?xml version="1.0" encoding="UTF-8"?>
<testsuite name="fr.eni.sprizza.test.SprizzaApplicationTests" tests="1" skipped="0" failures="0" errors="0" timestamp="2023-07-27T15:57:01" hostname="DESKTOP-S9N953I" time="0.691">
  <properties/>
  <testcase name="contextLoads()" classname="fr.eni.sprizza.test.SprizzaApplicationTests" time="0.691"/>
  <system-out><![CDATA[17:56:57.402 [Test worker] INFO org.springframework.test.context.support.AnnotationConfigContextLoaderUtils -- Could not detect default configuration classes for test class [fr.eni.sprizza.test.SprizzaApplicationTests]: SprizzaApplicationTests does not declare any static, non-private, non-final, nested classes annotated with @Configuration.
17:56:57.483 [Test worker] INFO org.springframework.boot.test.context.SpringBootTestContextBootstrapper -- Found @SpringBootConfiguration fr.eni.sprizza.SprizzaApplication for test class fr.eni.sprizza.test.SprizzaApplicationTests

  .   ____          _            __ _ _
 /\\ / ___'_ __ _ _(_)_ __  __ _ \ \ \ \
( ( )\___ | '_ | '_| | '_ \/ _` | \ \ \ \
 \\/  ___)| |_)| | | | | || (_| |  ) ) ) )
  '  |____| .__|_| |_|_| |_\__, | / / / /
 =========|_|==============|___/=/_/_/_/
 :: Spring Boot ::                (v3.1.2)

2023-07-27T17:56:57.822+02:00  INFO 14272 --- [    Test worker] f.e.s.test.SprizzaApplicationTests       : Starting SprizzaApplicationTests using Java 17 with PID 14272 (started by Virgile in C:\java\Sprizza)
2023-07-27T17:56:57.823+02:00  INFO 14272 --- [    Test worker] f.e.s.test.SprizzaApplicationTests       : No active profile set, falling back to 1 default profile: "default"
2023-07-27T17:56:58.411+02:00  INFO 14272 --- [    Test worker] .s.d.r.c.RepositoryConfigurationDelegate : Bootstrapping Spring Data JPA repositories in DEFAULT mode.
2023-07-27T17:56:58.471+02:00  INFO 14272 --- [    Test worker] .s.d.r.c.RepositoryConfigurationDelegate : Finished Spring Data repository scanning in 47 ms. Found 2 JPA repository interfaces.
2023-07-27T17:56:58.871+02:00  INFO 14272 --- [    Test worker] o.hibernate.jpa.internal.util.LogHelper  : HHH000204: Processing PersistenceUnitInfo [name: default]
2023-07-27T17:56:58.925+02:00  INFO 14272 --- [    Test worker] org.hibernate.Version                    : HHH000412: Hibernate ORM core version 6.2.6.Final
2023-07-27T17:56:58.928+02:00  INFO 14272 --- [    Test worker] org.hibernate.cfg.Environment            : HHH000406: Using bytecode reflection optimizer
2023-07-27T17:56:59.063+02:00  INFO 14272 --- [    Test worker] o.h.b.i.BytecodeProviderInitiator        : HHH000021: Bytecode provider name : bytebuddy
2023-07-27T17:56:59.190+02:00  INFO 14272 --- [    Test worker] o.s.o.j.p.SpringPersistenceUnitInfo      : No LoadTimeWeaver setup: ignoring JPA class transformer
2023-07-27T17:56:59.207+02:00  INFO 14272 --- [    Test worker] com.zaxxer.hikari.HikariDataSource       : HikariPool-1 - Starting...
2023-07-27T17:56:59.389+02:00  INFO 14272 --- [    Test worker] com.zaxxer.hikari.pool.HikariPool        : HikariPool-1 - Added connection com.mysql.cj.jdbc.ConnectionImpl@7e3ee128
2023-07-27T17:56:59.390+02:00  INFO 14272 --- [    Test worker] com.zaxxer.hikari.HikariDataSource       : HikariPool-1 - Start completed.
2023-07-27T17:56:59.630+02:00  INFO 14272 --- [    Test worker] o.h.b.i.BytecodeProviderInitiator        : HHH000021: Bytecode provider name : bytebuddy
2023-07-27T17:57:00.162+02:00  INFO 14272 --- [    Test worker] o.h.e.t.j.p.i.JtaPlatformInitiator       : HHH000490: Using JtaPlatform implementation: [org.hibernate.engine.transaction.jta.platform.internal.NoJtaPlatform]
2023-07-27T17:57:00.312+02:00  INFO 14272 --- [    Test worker] j.LocalContainerEntityManagerFactoryBean : Initialized JPA EntityManagerFactory for persistence unit 'default'
2023-07-27T17:57:00.522+02:00  INFO 14272 --- [    Test worker] o.s.d.j.r.query.QueryEnhancerFactory     : Hibernate is in classpath; If applicable, HQL parser will be used.
2023-07-27T17:57:00.860+02:00  WARN 14272 --- [    Test worker] JpaBaseConfiguration$JpaWebConfiguration : spring.jpa.open-in-view is enabled by default. Therefore, database queries may be performed during view rendering. Explicitly configure spring.jpa.open-in-view to disable this warning
DAO AUTH PROVIDER
Security filter chain
2023-07-27T17:57:00.972+02:00  INFO 14272 --- [    Test worker] o.s.s.web.DefaultSecurityFilterChain     : Will secure any request with [org.springframework.security.web.session.DisableEncodeUrlFilter@46c47690, org.springframework.security.web.context.request.async.WebAsyncManagerIntegrationFilter@5aa026e9, org.springframework.security.web.context.SecurityContextHolderFilter@282d1023, org.springframework.security.web.header.HeaderWriterFilter@5120886f, org.springframework.security.web.csrf.CsrfFilter@9203db8, org.springframework.security.web.authentication.logout.LogoutFilter@157ff8f8, org.springframework.security.web.authentication.UsernamePasswordAuthenticationFilter@2b33e616, org.springframework.security.web.authentication.www.BasicAuthenticationFilter@1c61f9bf, org.springframework.security.web.savedrequest.RequestCacheAwareFilter@505bc480, org.springframework.security.web.servletapi.SecurityContextHolderAwareRequestFilter@56589f00, org.springframework.security.web.authentication.AnonymousAuthenticationFilter@499f9003, org.springframework.security.web.access.ExceptionTranslationFilter@476a38d9, org.springframework.security.web.access.intercept.AuthorizationFilter@21bf1b1f]
2023-07-27T17:57:00.984+02:00  WARN 14272 --- [    Test worker] o.s.s.c.a.web.builders.WebSecurity       : You are asking Spring Security to ignore Ant [pattern='/images/**']. This is not recommended -- please use permitAll via HttpSecurity#authorizeHttpRequests instead.
2023-07-27T17:57:00.984+02:00  INFO 14272 --- [    Test worker] o.s.s.web.DefaultSecurityFilterChain     : Will not secure Ant [pattern='/images/**']
2023-07-27T17:57:00.985+02:00  WARN 14272 --- [    Test worker] o.s.s.c.a.web.builders.WebSecurity       : You are asking Spring Security to ignore Ant [pattern='/js/**']. This is not recommended -- please use permitAll via HttpSecurity#authorizeHttpRequests instead.
2023-07-27T17:57:00.985+02:00  INFO 14272 --- [    Test worker] o.s.s.web.DefaultSecurityFilterChain     : Will not secure Ant [pattern='/js/**']
2023-07-27T17:57:00.985+02:00  WARN 14272 --- [    Test worker] o.s.s.c.a.web.builders.WebSecurity       : You are asking Spring Security to ignore Ant [pattern='/webjars/**']. This is not recommended -- please use permitAll via HttpSecurity#authorizeHttpRequests instead.
2023-07-27T17:57:00.985+02:00  INFO 14272 --- [    Test worker] o.s.s.web.DefaultSecurityFilterChain     : Will not secure Ant [pattern='/webjars/**']
2023-07-27T17:57:01.422+02:00  INFO 14272 --- [    Test worker] f.e.s.test.SprizzaApplicationTests       : Started SprizzaApplicationTests in 3.811 seconds (process running for 4.723)
]]></system-out>
  <system-err><![CDATA[]]></system-err>
</testsuite>
