<?xml version="1.0" encoding="UTF-8"?>
<testsuite name="fr.eni.sprizza.test.SprizzaApplicationTests" tests="1" skipped="0" failures="0" errors="0" timestamp="2023-07-26T17:09:44" hostname="DESKTOP-S9N953I" time="0.634">
  <properties/>
  <testcase name="contextLoads()" classname="fr.eni.sprizza.test.SprizzaApplicationTests" time="0.634"/>
  <system-out><![CDATA[19:09:40.459 [Test worker] INFO org.springframework.test.context.support.AnnotationConfigContextLoaderUtils -- Could not detect default configuration classes for test class [fr.eni.sprizza.test.SprizzaApplicationTests]: SprizzaApplicationTests does not declare any static, non-private, non-final, nested classes annotated with @Configuration.
19:09:40.538 [Test worker] INFO org.springframework.boot.test.context.SpringBootTestContextBootstrapper -- Found @SpringBootConfiguration fr.eni.sprizza.SprizzaApplication for test class fr.eni.sprizza.test.SprizzaApplicationTests

  .   ____          _            __ _ _
 /\\ / ___'_ __ _ _(_)_ __  __ _ \ \ \ \
( ( )\___ | '_ | '_| | '_ \/ _` | \ \ \ \
 \\/  ___)| |_)| | | | | || (_| |  ) ) ) )
  '  |____| .__|_| |_|_| |_\__, | / / / /
 =========|_|==============|___/=/_/_/_/
 :: Spring Boot ::                (v3.1.2)

2023-07-26T19:09:40.875+02:00  INFO 16176 --- [    Test worker] f.e.s.test.SprizzaApplicationTests       : Starting SprizzaApplicationTests using Java 17 with PID 16176 (started by Virgile in C:\java\Sprizza)
2023-07-26T19:09:40.876+02:00  INFO 16176 --- [    Test worker] f.e.s.test.SprizzaApplicationTests       : No active profile set, falling back to 1 default profile: "default"
2023-07-26T19:09:41.411+02:00  INFO 16176 --- [    Test worker] .s.d.r.c.RepositoryConfigurationDelegate : Bootstrapping Spring Data JPA repositories in DEFAULT mode.
2023-07-26T19:09:41.458+02:00  INFO 16176 --- [    Test worker] .s.d.r.c.RepositoryConfigurationDelegate : Finished Spring Data repository scanning in 39 ms. Found 1 JPA repository interfaces.
2023-07-26T19:09:41.823+02:00  INFO 16176 --- [    Test worker] o.hibernate.jpa.internal.util.LogHelper  : HHH000204: Processing PersistenceUnitInfo [name: default]
2023-07-26T19:09:41.883+02:00  INFO 16176 --- [    Test worker] org.hibernate.Version                    : HHH000412: Hibernate ORM core version 6.2.6.Final
2023-07-26T19:09:41.886+02:00  INFO 16176 --- [    Test worker] org.hibernate.cfg.Environment            : HHH000406: Using bytecode reflection optimizer
2023-07-26T19:09:42.017+02:00  INFO 16176 --- [    Test worker] o.h.b.i.BytecodeProviderInitiator        : HHH000021: Bytecode provider name : bytebuddy
2023-07-26T19:09:42.133+02:00  INFO 16176 --- [    Test worker] o.s.o.j.p.SpringPersistenceUnitInfo      : No LoadTimeWeaver setup: ignoring JPA class transformer
2023-07-26T19:09:42.147+02:00  INFO 16176 --- [    Test worker] com.zaxxer.hikari.HikariDataSource       : HikariPool-1 - Starting...
2023-07-26T19:09:42.373+02:00  INFO 16176 --- [    Test worker] com.zaxxer.hikari.pool.HikariPool        : HikariPool-1 - Added connection com.mysql.cj.jdbc.ConnectionImpl@1bfa5a13
2023-07-26T19:09:42.376+02:00  INFO 16176 --- [    Test worker] com.zaxxer.hikari.HikariDataSource       : HikariPool-1 - Start completed.
2023-07-26T19:09:42.687+02:00  INFO 16176 --- [    Test worker] o.h.b.i.BytecodeProviderInitiator        : HHH000021: Bytecode provider name : bytebuddy
2023-07-26T19:09:43.302+02:00  INFO 16176 --- [    Test worker] o.h.e.t.j.p.i.JtaPlatformInitiator       : HHH000490: Using JtaPlatform implementation: [org.hibernate.engine.transaction.jta.platform.internal.NoJtaPlatform]
2023-07-26T19:09:43.765+02:00  INFO 16176 --- [    Test worker] j.LocalContainerEntityManagerFactoryBean : Initialized JPA EntityManagerFactory for persistence unit 'default'
2023-07-26T19:09:43.900+02:00  WARN 16176 --- [    Test worker] JpaBaseConfiguration$JpaWebConfiguration : spring.jpa.open-in-view is enabled by default. Therefore, database queries may be performed during view rendering. Explicitly configure spring.jpa.open-in-view to disable this warning
2023-07-26T19:09:44.491+02:00  INFO 16176 --- [    Test worker] f.e.s.test.SprizzaApplicationTests       : Started SprizzaApplicationTests in 3.823 seconds (process running for 4.772)
test
fr.eni.sprizza.bo.Order123@6015c745
]]></system-out>
  <system-err><![CDATA[]]></system-err>
</testsuite>
