<?xml version="1.0" encoding="UTF-8"?>
<testsuite name="fr.eni.sprizza.test.SprizzaApplicationTests" tests="1" skipped="0" failures="0" errors="0" timestamp="2023-07-26T17:31:04" hostname="DESKTOP-S9N953I" time="0.607">
  <properties/>
  <testcase name="contextLoads()" classname="fr.eni.sprizza.test.SprizzaApplicationTests" time="0.607"/>
  <system-out><![CDATA[19:31:00.611 [Test worker] INFO org.springframework.test.context.support.AnnotationConfigContextLoaderUtils -- Could not detect default configuration classes for test class [fr.eni.sprizza.test.SprizzaApplicationTests]: SprizzaApplicationTests does not declare any static, non-private, non-final, nested classes annotated with @Configuration.
19:31:00.691 [Test worker] INFO org.springframework.boot.test.context.SpringBootTestContextBootstrapper -- Found @SpringBootConfiguration fr.eni.sprizza.SprizzaApplication for test class fr.eni.sprizza.test.SprizzaApplicationTests

  .   ____          _            __ _ _
 /\\ / ___'_ __ _ _(_)_ __  __ _ \ \ \ \
( ( )\___ | '_ | '_| | '_ \/ _` | \ \ \ \
 \\/  ___)| |_)| | | | | || (_| |  ) ) ) )
  '  |____| .__|_| |_|_| |_\__, | / / / /
 =========|_|==============|___/=/_/_/_/
 :: Spring Boot ::                (v3.1.2)

2023-07-26T19:31:01.058+02:00  INFO 21780 --- [    Test worker] f.e.s.test.SprizzaApplicationTests       : Starting SprizzaApplicationTests using Java 17 with PID 21780 (started by Virgile in C:\java\Sprizza)
2023-07-26T19:31:01.059+02:00  INFO 21780 --- [    Test worker] f.e.s.test.SprizzaApplicationTests       : No active profile set, falling back to 1 default profile: "default"
2023-07-26T19:31:01.626+02:00  INFO 21780 --- [    Test worker] .s.d.r.c.RepositoryConfigurationDelegate : Bootstrapping Spring Data JPA repositories in DEFAULT mode.
2023-07-26T19:31:01.679+02:00  INFO 21780 --- [    Test worker] .s.d.r.c.RepositoryConfigurationDelegate : Finished Spring Data repository scanning in 42 ms. Found 1 JPA repository interfaces.
2023-07-26T19:31:02.126+02:00  INFO 21780 --- [    Test worker] o.hibernate.jpa.internal.util.LogHelper  : HHH000204: Processing PersistenceUnitInfo [name: default]
2023-07-26T19:31:02.183+02:00  INFO 21780 --- [    Test worker] org.hibernate.Version                    : HHH000412: Hibernate ORM core version 6.2.6.Final
2023-07-26T19:31:02.186+02:00  INFO 21780 --- [    Test worker] org.hibernate.cfg.Environment            : HHH000406: Using bytecode reflection optimizer
2023-07-26T19:31:02.333+02:00  INFO 21780 --- [    Test worker] o.h.b.i.BytecodeProviderInitiator        : HHH000021: Bytecode provider name : bytebuddy
2023-07-26T19:31:02.470+02:00  INFO 21780 --- [    Test worker] o.s.o.j.p.SpringPersistenceUnitInfo      : No LoadTimeWeaver setup: ignoring JPA class transformer
2023-07-26T19:31:02.488+02:00  INFO 21780 --- [    Test worker] com.zaxxer.hikari.HikariDataSource       : HikariPool-1 - Starting...
2023-07-26T19:31:02.770+02:00  INFO 21780 --- [    Test worker] com.zaxxer.hikari.pool.HikariPool        : HikariPool-1 - Added connection com.mysql.cj.jdbc.ConnectionImpl@2ab8589a
2023-07-26T19:31:02.772+02:00  INFO 21780 --- [    Test worker] com.zaxxer.hikari.HikariDataSource       : HikariPool-1 - Start completed.
2023-07-26T19:31:03.052+02:00  INFO 21780 --- [    Test worker] o.h.b.i.BytecodeProviderInitiator        : HHH000021: Bytecode provider name : bytebuddy
2023-07-26T19:31:03.678+02:00  INFO 21780 --- [    Test worker] o.h.e.t.j.p.i.JtaPlatformInitiator       : HHH000490: Using JtaPlatform implementation: [org.hibernate.engine.transaction.jta.platform.internal.NoJtaPlatform]
2023-07-26T19:31:03.777+02:00  INFO 21780 --- [    Test worker] j.LocalContainerEntityManagerFactoryBean : Initialized JPA EntityManagerFactory for persistence unit 'default'
2023-07-26T19:31:03.918+02:00  WARN 21780 --- [    Test worker] JpaBaseConfiguration$JpaWebConfiguration : spring.jpa.open-in-view is enabled by default. Therefore, database queries may be performed during view rendering. Explicitly configure spring.jpa.open-in-view to disable this warning
2023-07-26T19:31:04.493+02:00  WARN 21780 --- [    Test worker] .s.s.UserDetailsServiceAutoConfiguration : 

Using generated security password: e861cf18-52dd-48ce-954f-dcf73e9e2623

This generated password is for development use only. Your security configuration must be updated before running your application in production.

2023-07-26T19:31:04.613+02:00  INFO 21780 --- [    Test worker] o.s.s.web.DefaultSecurityFilterChain     : Will secure any request with [org.springframework.security.web.session.DisableEncodeUrlFilter@7d466ef9, org.springframework.security.web.context.request.async.WebAsyncManagerIntegrationFilter@4a561f7d, org.springframework.security.web.context.SecurityContextHolderFilter@6f2b608e, org.springframework.security.web.header.HeaderWriterFilter@d03cdc7, org.springframework.security.web.csrf.CsrfFilter@20a7ce0, org.springframework.security.web.authentication.logout.LogoutFilter@3c4231e5, org.springframework.security.web.authentication.UsernamePasswordAuthenticationFilter@10b0dd3a, org.springframework.security.web.authentication.ui.DefaultLoginPageGeneratingFilter@73eaae1e, org.springframework.security.web.authentication.ui.DefaultLogoutPageGeneratingFilter@601ca994, org.springframework.security.web.authentication.www.BasicAuthenticationFilter@542c6165, org.springframework.security.web.savedrequest.RequestCacheAwareFilter@420068a, org.springframework.security.web.servletapi.SecurityContextHolderAwareRequestFilter@1a7f2d34, org.springframework.security.web.authentication.AnonymousAuthenticationFilter@1acd2a14, org.springframework.security.web.access.ExceptionTranslationFilter@7f38545a, org.springframework.security.web.access.intercept.AuthorizationFilter@5bb90b89]
2023-07-26T19:31:04.666+02:00  INFO 21780 --- [    Test worker] f.e.s.test.SprizzaApplicationTests       : Started SprizzaApplicationTests in 3.836 seconds (process running for 4.793)
test
fr.eni.sprizza.bo.Order123@44a7a331
fr.eni.sprizza.bo.Order123@2357f000
]]></system-out>
  <system-err><![CDATA[]]></system-err>
</testsuite>
